Jan 09, 2021 11:36:44 AM UserPage <init>
INFO: UserPage Started
Jan 09, 2021 11:36:48 AM GUI <init>
INFO: Ward GUI Started
Jan 09, 2021 11:36:48 AM Methods.GeneralWard <init>
INFO: Client for Wards successfully created
Jan 09, 2021 11:36:55 AM GUI <init>
INFO: AMC Ward Started
Jan 09, 2021 11:36:59 AM Methods.GeneralWard editPatient
INFO: Patient successfully editted
Jan 09, 2021 11:36:59 AM Methods.GeneralWard editBed
INFO: Bed successfully editted
Jan 09, 2021 11:37:01 AM Methods.GeneralWard removePatient
INFO: Patient successfully removed
Jan 09, 2021 11:37:07 AM Methods.GeneralWard deletePatient
INFO: Patient was deleted
Jan 09, 2021 11:37:10 AM GUI <init>
INFO: Ward GUI Started
Jan 09, 2021 11:37:10 AM Methods.GeneralWard <init>
INFO: Client for Wards successfully created
Jan 09, 2021 11:37:11 AM GUI <init>
INFO: AMC Ward Started
Jan 09, 2021 11:37:18 AM Methods.GeneralWard editBed
INFO: Bed successfully editted
Jan 09, 2021 11:37:19 AM Methods.GeneralWard editBed
INFO: Bed successfully editted
Jan 09, 2021 11:37:20 AM UserPage <init>
INFO: UserPage Started
Jan 09, 2021 11:37:23 AM GUI <init>
INFO: Ward GUI Started
Jan 09, 2021 11:37:23 AM Methods.GeneralWard <init>
INFO: Client for Wards successfully created
Jan 09, 2021 11:37:24 AM GUI <init>
INFO: Longstay Ward setup
Jan 09, 2021 11:37:48 AM UserPage <init>
INFO: UserPage Started
